-------------------------------------------------------------------------------
Test set: com.gitee.taven.AppTests
-------------------------------------------------------------------------------
Tests run: 1, Failures: 0, Errors: 1, Skipped: 0, Time elapsed: 0.336 s <<< FAILURE! - in com.gitee.taven.AppTests
initializationError(com.gitee.taven.AppTests)  Time elapsed: 0.007 s  <<< ERROR!
java.lang.Exception: No runnable methods

